<?xml version="1.0" encoding="UTF-8"?>
<testng-results ignored="0" total="1" passed="1" failed="0" skipped="0">
  <reporter-output>
  </reporter-output>
  <suite started-at="2024-05-28T18:25:28 IST" name="Default suite" finished-at="2024-05-28T18:26:48 IST" duration-ms="80303">
    <groups>
    </groups>
    <test started-at="2024-05-28T18:25:28 IST" name="Default test" finished-at="2024-05-28T18:26:48 IST" duration-ms="80303">
      <class name="tests.WebsiteListTest1">
        <test-method is-config="true" signature="init()[pri:0, instance:tests.WebsiteListTest1@6025e1b6]" started-at="2024-05-28T18:25:28 IST" name="init" finished-at="2024-05-28T18:25:33 IST" duration-ms="5548" status="PASS">
          <reporter-output>
          </reporter-output>
        </test-method> <!-- init -->
        <test-method signature="testFunctionalityOfButtonsAndFieldsWithTabEnterButton()[pri:0, instance:tests.WebsiteListTest1@6025e1b6]" started-at="2024-05-28T18:25:33 IST" name="testFunctionalityOfButtonsAndFieldsWithTabEnterButton" finished-at="2024-05-28T18:26:48 IST" duration-ms="74703" status="PASS">
          <reporter-output>
          </reporter-output>
        </test-method> <!-- testFunctionalityOfButtonsAndFieldsWithTabEnterButton -->
      </class> <!-- tests.WebsiteListTest1 -->
    </test> <!-- Default test -->
  </suite> <!-- Default suite -->
</testng-results>
